<?xml version="1.0" encoding="UTF-8"?>
<testng-results ignored="0" total="1" passed="1" failed="0" skipped="0">
  <reporter-output>
  </reporter-output>
  <suite started-at="2021-06-10T12:18:16 IST" name="Default suite" finished-at="2021-06-10T12:18:33 IST" duration-ms="17550">
    <groups>
    </groups>
    <test started-at="2021-06-10T12:18:16 IST" name="Default test" finished-at="2021-06-10T12:18:33 IST" duration-ms="17550">
      <class name="OnlineShoppingApp.E2EProject.PurchasingItem">
        <test-method is-config="true" signature="initialize()[pri:0, instance:OnlineShoppingApp.E2EProject.PurchasingItem@6a400542]" started-at="2021-06-10T12:18:16 IST" name="initialize" finished-at="2021-06-10T12:18:17 IST" duration-ms="1372" status="PASS">
          <reporter-output>
          </reporter-output>
        </test-method> <!-- initialize -->
        <test-method signature="SpeakerEndToEndTest()[pri:0, instance:OnlineShoppingApp.E2EProject.PurchasingItem@6a400542]" started-at="2021-06-10T12:18:17 IST" name="SpeakerEndToEndTest" finished-at="2021-06-10T12:18:33 IST" duration-ms="16063" status="PASS">
          <reporter-output>
          </reporter-output>
        </test-method> <!-- SpeakerEndToEndTest -->
        <test-method is-config="true" signature="teardown()[pri:0, instance:OnlineShoppingApp.E2EProject.PurchasingItem@6a400542]" started-at="2021-06-10T12:18:33 IST" name="teardown" finished-at="2021-06-10T12:18:33 IST" duration-ms="66" status="PASS">
          <reporter-output>
          </reporter-output>
        </test-method> <!-- teardown -->
      </class> <!-- OnlineShoppingApp.E2EProject.PurchasingItem -->
    </test> <!-- Default test -->
  </suite> <!-- Default suite -->
</testng-results>
